Determining if the pthread_create exist failed with the following output:
Change Dir: /home/dannyel/catkin_ws/build/CMakeFiles/CMakeTmp

Run Build Command:"/usr/bin/make" "cmTC_9d768/fast"
/usr/bin/make -f CMakeFiles/cmTC_9d768.dir/build.make CMakeFiles/cmTC_9d768.dir/build
make[1]: Entering directory '/home/dannyel/catkin_ws/build/CMakeFiles/CMakeTmp'
Building C object CMakeFiles/cmTC_9d768.dir/CheckSymbolExists.c.o
/usr/bin/cc     -o CMakeFiles/cmTC_9d768.dir/CheckSymbolExists.c.o   -c /home/dannyel/catkin_ws/build/CMakeFiles/CMakeTmp/CheckSymbolExists.c
Linking C executable cmTC_9d768
/usr/bin/cmake -E cmake_link_script CMakeFiles/cmTC_9d768.dir/link.txt --verbose=1
/usr/bin/cc       CMakeFiles/cmTC_9d768.dir/CheckSymbolExists.c.o  -o cmTC_9d768 -rdynamic 
CMakeFiles/cmTC_9d768.dir/CheckSymbolExists.c.o: In function `main':
CheckSymbolExists.c:(.text+0x16): undefined reference to `pthread_create'
collect2: error: ld returned 1 exit status
CMakeFiles/cmTC_9d768.dir/build.make:97: recipe for target 'cmTC_9d768' failed
make[1]: *** [cmTC_9d768] Error 1
make[1]: Leaving directory '/home/dannyel/catkin_ws/build/CMakeFiles/CMakeTmp'
Makefile:126: recipe for target 'cmTC_9d768/fast' failed
make: *** [cmTC_9d768/fast] Error 2

File /home/dannyel/catkin_ws/build/CMakeFiles/CMakeTmp/CheckSymbolExists.c:
/* */
#include <pthread.h>

int main(int argc, char** argv)
{
  (void)argv;
#ifndef pthread_create
  return ((int*)(&pthread_create))[argc];
#else
  (void)argc;
  return 0;
#endif
}

Determining if the function pthread_create exists in the pthreads failed with the following output:
Change Dir: /home/dannyel/catkin_ws/build/CMakeFiles/CMakeTmp

Run Build Command:"/usr/bin/make" "cmTC_dfc1f/fast"
/usr/bin/make -f CMakeFiles/cmTC_dfc1f.dir/build.make CMakeFiles/cmTC_dfc1f.dir/build
make[1]: Entering directory '/home/dannyel/catkin_ws/build/CMakeFiles/CMakeTmp'
Building C object CMakeFiles/cmTC_dfc1f.dir/CheckFunctionExists.c.o
/usr/bin/cc    -DCHECK_FUNCTION_EXISTS=pthread_create   -o CMakeFiles/cmTC_dfc1f.dir/CheckFunctionExists.c.o   -c /usr/share/cmake-3.5/Modules/CheckFunctionExists.c
Linking C executable cmTC_dfc1f
/usr/bin/cmake -E cmake_link_script CMakeFiles/cmTC_dfc1f.dir/link.txt --verbose=1
/usr/bin/cc   -DCHECK_FUNCTION_EXISTS=pthread_create    CMakeFiles/cmTC_dfc1f.dir/CheckFunctionExists.c.o  -o cmTC_dfc1f -rdynamic -lpthreads 
/usr/bin/ld: cannot find -lpthreads
collect2: error: ld returned 1 exit status
CMakeFiles/cmTC_dfc1f.dir/build.make:97: recipe for target 'cmTC_dfc1f' failed
make[1]: *** [cmTC_dfc1f] Error 1
make[1]: Leaving directory '/home/dannyel/catkin_ws/build/CMakeFiles/CMakeTmp'
Makefile:126: recipe for target 'cmTC_dfc1f/fast' failed
make: *** [cmTC_dfc1f/fast] Error 2


Determining if the Q_WS_WIN exist failed with the following output:
Change Dir: /home/dannyel/catkin_ws/build/CMakeFiles/CMakeTmp

Run Build Command:"/usr/bin/make" "cmTC_54018/fast"
/usr/bin/make -f CMakeFiles/cmTC_54018.dir/build.make CMakeFiles/cmTC_54018.dir/build
make[1]: Entering directory '/home/dannyel/catkin_ws/build/CMakeFiles/CMakeTmp'
Building CXX object CMakeFiles/cmTC_54018.dir/CheckSymbolExists.cxx.o
/usr/bin/c++    -I/usr/include/qt4   -o CMakeFiles/cmTC_54018.dir/CheckSymbolExists.cxx.o -c /home/dannyel/catkin_ws/build/CMakeFiles/CMakeTmp/CheckSymbolExists.cxx
/home/dannyel/catkin_ws/build/CMakeFiles/CMakeTmp/CheckSymbolExists.cxx: In function ‘int main(int, char**)’:
/home/dannyel/catkin_ws/build/CMakeFiles/CMakeTmp/CheckSymbolExists.cxx:8:19: error: ‘Q_WS_WIN’ was not declared in this scope
   return ((int*)(&Q_WS_WIN))[argc];
                   ^
CMakeFiles/cmTC_54018.dir/build.make:65: recipe for target 'CMakeFiles/cmTC_54018.dir/CheckSymbolExists.cxx.o' failed
make[1]: *** [CMakeFiles/cmTC_54018.dir/CheckSymbolExists.cxx.o] Error 1
make[1]: Leaving directory '/home/dannyel/catkin_ws/build/CMakeFiles/CMakeTmp'
Makefile:126: recipe for target 'cmTC_54018/fast' failed
make: *** [cmTC_54018/fast] Error 2

File /home/dannyel/catkin_ws/build/CMakeFiles/CMakeTmp/CheckSymbolExists.cxx:
/* */
#include <QtCore/qglobal.h>

int main(int argc, char** argv)
{
  (void)argv;
#ifndef Q_WS_WIN
  return ((int*)(&Q_WS_WIN))[argc];
#else
  (void)argc;
  return 0;
#endif
}

Determining if the Q_WS_QWS exist failed with the following output:
Change Dir: /home/dannyel/catkin_ws/build/CMakeFiles/CMakeTmp

Run Build Command:"/usr/bin/make" "cmTC_27b7f/fast"
/usr/bin/make -f CMakeFiles/cmTC_27b7f.dir/build.make CMakeFiles/cmTC_27b7f.dir/build
make[1]: Entering directory '/home/dannyel/catkin_ws/build/CMakeFiles/CMakeTmp'
Building CXX object CMakeFiles/cmTC_27b7f.dir/CheckSymbolExists.cxx.o
/usr/bin/c++    -I/usr/include/qt4   -o CMakeFiles/cmTC_27b7f.dir/CheckSymbolExists.cxx.o -c /home/dannyel/catkin_ws/build/CMakeFiles/CMakeTmp/CheckSymbolExists.cxx
/home/dannyel/catkin_ws/build/CMakeFiles/CMakeTmp/CheckSymbolExists.cxx: In function ‘int main(int, char**)’:
/home/dannyel/catkin_ws/build/CMakeFiles/CMakeTmp/CheckSymbolExists.cxx:8:19: error: ‘Q_WS_QWS’ was not declared in this scope
   return ((int*)(&Q_WS_QWS))[argc];
                   ^
CMakeFiles/cmTC_27b7f.dir/build.make:65: recipe for target 'CMakeFiles/cmTC_27b7f.dir/CheckSymbolExists.cxx.o' failed
make[1]: *** [CMakeFiles/cmTC_27b7f.dir/CheckSymbolExists.cxx.o] Error 1
make[1]: Leaving directory '/home/dannyel/catkin_ws/build/CMakeFiles/CMakeTmp'
Makefile:126: recipe for target 'cmTC_27b7f/fast' failed
make: *** [cmTC_27b7f/fast] Error 2

File /home/dannyel/catkin_ws/build/CMakeFiles/CMakeTmp/CheckSymbolExists.cxx:
/* */
#include <QtCore/qglobal.h>

int main(int argc, char** argv)
{
  (void)argv;
#ifndef Q_WS_QWS
  return ((int*)(&Q_WS_QWS))[argc];
#else
  (void)argc;
  return 0;
#endif
}

Determining if the Q_WS_MAC exist failed with the following output:
Change Dir: /home/dannyel/catkin_ws/build/CMakeFiles/CMakeTmp

Run Build Command:"/usr/bin/make" "cmTC_77840/fast"
/usr/bin/make -f CMakeFiles/cmTC_77840.dir/build.make CMakeFiles/cmTC_77840.dir/build
make[1]: Entering directory '/home/dannyel/catkin_ws/build/CMakeFiles/CMakeTmp'
Building CXX object CMakeFiles/cmTC_77840.dir/CheckSymbolExists.cxx.o
/usr/bin/c++    -I/usr/include/qt4   -o CMakeFiles/cmTC_77840.dir/CheckSymbolExists.cxx.o -c /home/dannyel/catkin_ws/build/CMakeFiles/CMakeTmp/CheckSymbolExists.cxx
/home/dannyel/catkin_ws/build/CMakeFiles/CMakeTmp/CheckSymbolExists.cxx: In function ‘int main(int, char**)’:
/home/dannyel/catkin_ws/build/CMakeFiles/CMakeTmp/CheckSymbolExists.cxx:8:19: error: ‘Q_WS_MAC’ was not declared in this scope
   return ((int*)(&Q_WS_MAC))[argc];
                   ^
CMakeFiles/cmTC_77840.dir/build.make:65: recipe for target 'CMakeFiles/cmTC_77840.dir/CheckSymbolExists.cxx.o' failed
make[1]: *** [CMakeFiles/cmTC_77840.dir/CheckSymbolExists.cxx.o] Error 1
make[1]: Leaving directory '/home/dannyel/catkin_ws/build/CMakeFiles/CMakeTmp'
Makefile:126: recipe for target 'cmTC_77840/fast' failed
make: *** [cmTC_77840/fast] Error 2

File /home/dannyel/catkin_ws/build/CMakeFiles/CMakeTmp/CheckSymbolExists.cxx:
/* */
#include <QtCore/qglobal.h>

int main(int argc, char** argv)
{
  (void)argv;
#ifndef Q_WS_MAC
  return ((int*)(&Q_WS_MAC))[argc];
#else
  (void)argc;
  return 0;
#endif
}

